<?xml version="1.0" encoding="UTF-8"?>
<!-- Generated by org.testng.reporters.JUnitReportReporter -->
<testsuite skipped="0" hostname="LAPTOP-SFMINEN3" name="testscripts.TC002" tests="1" failures="0" timestamp="2021-10-01T22:19:12 CEST" time="10.878" errors="0">
  <testcase name="testCase2" time="10.878" classname="testscripts.TC002"/>
  <system-out/>
</testsuite> <!-- testscripts.TC002 -->
